<?xml version="1.0" encoding="UTF-8"?>
<!-- Generated by org.testng.reporters.JUnitReportReporter -->
<testsuite hostname="LAPTOP-B0UG8PVA" failures="0" tests="4" name="practicetestng.TestngDummy12" time="0.017" errors="0" timestamp="2023-03-17T01:10:04 IST" skipped="0">
  <testcase classname="practicetestng.TestngDummy12" name="openbrowser" time="0.012"/>
  <system-out/>
  <testcase classname="practicetestng.TestngDummy12" name="login" time="0.002"/>
  <system-out/>
  <testcase classname="practicetestng.TestngDummy12" name="sendMail" time="0.002"/>
  <system-out/>
  <testcase classname="practicetestng.TestngDummy12" name="close" time="0.001"/>
  <system-out/>
</testsuite> <!-- practicetestng.TestngDummy12 -->
