<?xml version="1.0" encoding="UTF-8"?>
<!-- Generated by org.testng.reporters.JUnitReportReporter -->
<testsuite hostname="LAPTOP-B0UG8PVA" failures="0" tests="4" name="practicetestng.TestngDummy" time="0.015" errors="0" timestamp="2023-03-17T01:10:48 IST" skipped="0">
  <testcase classname="practicetestng.TestngDummy" name="openbrowser" time="0.011"/>
  <system-out/>
  <testcase classname="practicetestng.TestngDummy" name="login" time="0.001"/>
  <system-out/>
  <testcase classname="practicetestng.TestngDummy" name="sendMail" time="0.002"/>
  <system-out/>
  <testcase classname="practicetestng.TestngDummy" name="close" time="0.001"/>
  <system-out/>
</testsuite> <!-- practicetestng.TestngDummy -->
